<?xml version="1.0" encoding="UTF-8"?>
<testsuite xmlns:xsi="http://www.w3.org/2001/XMLSchema-instance" xsi:noNamespaceSchemaLocation="https://maven.apache.org/surefire/maven-surefire-plugin/xsd/surefire-test-report.xsd" name="org.globaltrainings.springjpademo.service.ProductServiceImplUnitTest" time="0.651" tests="2" errors="0" skipped="0" failures="0">
  <properties>
[...]
</properties>
  <testcase name="testFindById_1" classname="org.globaltrainings.springjpademo.service.ProductServiceImplUnitTest" time="0.624"/>
  <testcase name="testFindById_2" classname="org.globaltrainings.springjpademo.service.ProductServiceImplUnitTest" time="0.005"/>
</testsuite>