<?xml version="1.0" encoding="UTF-8"?>
<testsuite xmlns:xsi="http://www.w3.org/2001/XMLSchema-instance" xsi:noNamespaceSchemaLocation="https://maven.apache.org/surefire/maven-surefire-plugin/xsd/surefire-test-report.xsd" name="com.gltraining.CalculatorTest" time="0.036" tests="2" errors="0" skipped="0" failures="0">
  <properties>
[...]
</properties>
  <testcase name="testAdd_1" classname="com.gltraining.CalculatorTest" time="0.023"/>
  <testcase name="testAdd_2" classname="com.gltraining.CalculatorTest" time="0.001"/>
</testsuite>